<?xml version="1.0" encoding="UTF-8"?>
<!-- Generated by org.testng.reporters.JUnitReportReporter -->
<testsuite skipped="1" hostname="VinoLaptop" name="org.test.TestNG" tests="5" failures="0" timestamp="05 Jul 2021 09:31:55 GMT" time="0.566" errors="0">
  <testcase name="testCase2" time="0.227" classname="org.test.TestNG"/>
  <testcase name="testCase1" time="0.155" classname="org.test.TestNG"/>
  <testcase name="testCase1" time="0.096" classname="org.test.TestNG"/>
  <testcase name="testCase1" time="0.088" classname="org.test.TestNG"/>
  <testcase name="testCase3" classname="org.test.TestNG">
    <skipped/>
  </testcase> <!-- testCase3 -->
</testsuite> <!-- org.test.TestNG -->
