<?xml version="1.0" encoding="UTF-8"?>
<!-- Generated by org.testng.reporters.JUnitReportReporter -->
<testsuite skipped="0" hostname="VinoLaptop" name="org.test.SuiteLevelExec" tests="2" failures="0" timestamp="05 Jul 2021 13:50:02 GMT" time="3.715" errors="0">
  <testcase name="testCase2" time="2.349" classname="org.test.SuiteLevelExec"/>
  <testcase name="testCase1" time="1.366" classname="org.test.SuiteLevelExec"/>
</testsuite> <!-- org.test.SuiteLevelExec -->
